<?xml version="1.0" encoding="utf-8"?><testsuites name="pytest tests"><testsuite name="pytest" errors="0" failures="0" skipped="0" tests="17" time="17.564" timestamp="2026-04-28T02:14:40.392247+00:00" hostname="agent-env-43813db8-ddfb-48b7-8d00-e30285679c40"><testcase classname="backend.tests.test_iteration12_adaptive_healing.TestHealth" name="test_health_ok" time="16.546" /><testcase classname="backend.tests.test_iteration12_adaptive_healing.TestHealingOverview" name="test_mode_is_adaptive" time="0.067" /><testcase classname="backend.tests.test_iteration12_adaptive_healing.TestHealingOverview" name="test_overview_has_adaptation_block" time="0.058" /><testcase classname="backend.tests.test_iteration12_adaptive_healing.TestHealingStatus" name="test_status_mode_and_adaptation" time="0.053" /><testcase classname="backend.tests.test_iteration12_adaptive_healing.TestHealingStatus" name="test_api_error_suppression_action_present" time="0.054" /><testcase classname="backend.tests.test_iteration12_adaptive_healing.TestAdaptationEndpoint" name="test_adaptation_endpoint_shape" time="0.053" /><testcase classname="backend.tests.test_iteration12_adaptive_healing.TestAdaptationEndpoint" name="test_escalation_ladders_5_nodes_multi_actions" time="0.051" /><testcase classname="backend.tests.test_iteration12_adaptive_healing.TestAdaptationEndpoint" name="test_api_ladder_exact" time="0.063" /><testcase classname="backend.tests.test_iteration12_adaptive_healing.TestAdaptationEndpoint" name="test_cross_node_map_has_5_nodes" time="0.069" /><testcase classname="backend.tests.test_iteration12_adaptive_healing.TestAdaptationEndpoint" name="test_next_action_per_node_resolves" time="0.056" /><testcase classname="backend.tests.test_iteration12_adaptive_healing.TestHealingHistory" name="test_history_has_records" time="0.055" /><testcase classname="backend.tests.test_iteration12_adaptive_healing.TestHealingHistory" name="test_records_have_effectiveness_field" time="0.065" /><testcase classname="backend.tests.test_iteration12_adaptive_healing.TestHealingHistory" name="test_records_have_selection_method" time="0.063" /><testcase classname="backend.tests.test_iteration12_adaptive_healing.TestHealingHistory" name="test_records_have_adaptive_triggered_by" time="0.053" /><testcase classname="backend.tests.test_iteration12_adaptive_healing.TestExistingEndpointsRegression" name="test_rca_shape" time="0.053" /><testcase classname="backend.tests.test_iteration12_adaptive_healing.TestExistingEndpointsRegression" name="test_fea_shape" time="0.059" /><testcase classname="backend.tests.test_iteration12_adaptive_healing.TestExistingEndpointsRegression" name="test_trend_shape" time="0.051" /></testsuite></testsuites>