<?xml version="1.0" encoding="utf-8"?><testsuites name="pytest tests"><testsuite name="pytest" errors="0" failures="0" skipped="0" tests="19" time="17.684" timestamp="2026-04-28T01:39:43.279438+00:00" hostname="agent-env-43813db8-ddfb-48b7-8d00-e30285679c40"><testcase classname="backend.tests.test_iteration11_autoheal.TestHealingOverview" name="test_overview_200" time="16.654" /><testcase classname="backend.tests.test_iteration11_autoheal.TestHealingOverview" name="test_overview_mode_is_auto_healing" time="0.052" /><testcase classname="backend.tests.test_iteration11_autoheal.TestHealingOverview" name="test_overview_sri_dip_shape" time="0.052" /><testcase classname="backend.tests.test_iteration11_autoheal.TestHealingOverview" name="test_overview_rca_has_root_cause_and_action" time="0.051" /><testcase classname="backend.tests.test_iteration11_autoheal.TestHealingOverview" name="test_overview_fea_has_yield_nodes_and_cas" time="0.056" /><testcase classname="backend.tests.test_iteration11_autoheal.TestHealingOverview" name="test_overview_engine_enabled_by_default" time="0.048" /><testcase classname="backend.tests.test_iteration11_autoheal.TestHealingStatus" name="test_status_200" time="0.051" /><testcase classname="backend.tests.test_iteration11_autoheal.TestHealingStatus" name="test_status_mode_and_enabled" time="0.056" /><testcase classname="backend.tests.test_iteration11_autoheal.TestHealingStatus" name="test_status_sri_dip_detection_block" time="0.055" /><testcase classname="backend.tests.test_iteration11_autoheal.TestHealingStatus" name="test_status_has_fea_and_rca" time="0.050" /><testcase classname="backend.tests.test_iteration11_autoheal.TestHealingHistory" name="test_history_200_and_list" time="0.051" /><testcase classname="backend.tests.test_iteration11_autoheal.TestHealingHistory" name="test_history_records_auto_triggered" time="0.049" /><testcase classname="backend.tests.test_iteration11_autoheal.TestHealingHistory" name="test_history_records_have_rca_root_cause" time="0.053" /><testcase classname="backend.tests.test_iteration11_autoheal.TestHealingHistory" name="test_history_records_have_dip_info" time="0.052" /><testcase classname="backend.tests.test_iteration11_autoheal.TestRCAFEAEndpoints" name="test_rca_multi_ca_and_fea_summary" time="0.050" /><testcase classname="backend.tests.test_iteration11_autoheal.TestRCAFEAEndpoints" name="test_fea_endpoint_structure" time="0.054" /><testcase classname="backend.tests.test_iteration11_autoheal.TestRCAFEAEndpoints" name="test_trend_endpoint_fields" time="0.053" /><testcase classname="backend.tests.test_iteration11_autoheal.TestCooldowns" name="test_cooldowns_in_30_90_range" time="0.058" /><testcase classname="backend.tests.test_iteration11_autoheal.TestHealth" name="test_api_health_200" time="0.049" /></testsuite></testsuites>