<?xml version="1.0" encoding="utf-8"?><testsuites name="pytest tests"><testsuite name="pytest" errors="0" failures="0" skipped="0" tests="22" time="176.997" timestamp="2026-05-06T22:43:20.048165+00:00" hostname="agent-env-43813db8-ddfb-48b7-8d00-e30285679c40"><testcase classname="backend.tests.test_iteration16_dampen_correlation.TestFEATerminology" name="test_fea_service_includes_terminology" time="0.188" /><testcase classname="backend.tests.test_iteration16_dampen_correlation.TestFEATerminology" name="test_fea_component_still_works" time="0.143" /><testcase classname="backend.tests.test_iteration16_dampen_correlation.TestAutoDampenWave" name="test_auto_dampen_no_execute" time="0.123" /><testcase classname="backend.tests.test_iteration16_dampen_correlation.TestAutoDampenWave" name="test_auto_dampen_with_auto_execute_true" time="57.330" /><testcase classname="backend.tests.test_iteration16_dampen_correlation.TestAutoDampenWave" name="test_auto_dampen_no_critical_arrivals" time="0.123" /><testcase classname="backend.tests.test_iteration16_dampen_correlation.TestAutoDampenWave" name="test_auto_dampen_validation_errors[override0]" time="0.109" /><testcase classname="backend.tests.test_iteration16_dampen_correlation.TestAutoDampenWave" name="test_auto_dampen_validation_errors[override1]" time="0.131" /><testcase classname="backend.tests.test_iteration16_dampen_correlation.TestAutoDampenWave" name="test_auto_dampen_validation_errors[override2]" time="0.113" /><testcase classname="backend.tests.test_iteration16_dampen_correlation.TestAutoDampenWave" name="test_auto_dampen_validation_errors[override3]" time="0.130" /><testcase classname="backend.tests.test_iteration16_dampen_correlation.TestAutoDampenWave" name="test_auto_dampen_validation_errors[override4]" time="0.105" /><testcase classname="backend.tests.test_iteration16_dampen_correlation.TestAutoDampenWave" name="test_auto_dampen_validation_errors[override5]" time="0.129" /><testcase classname="backend.tests.test_iteration16_dampen_correlation.TestAutoDampenWave" name="test_auto_dampen_validation_errors[override6]" time="0.294" /><testcase classname="backend.tests.test_iteration16_dampen_correlation.TestCorrelationEndpoint" name="test_correlation_basic_shape" time="0.128" /><testcase classname="backend.tests.test_iteration16_dampen_correlation.TestCorrelationEndpoint" name="test_correlation_window_validation" time="0.265" /><testcase classname="backend.tests.test_iteration16_dampen_correlation.TestCorrelationEndpoint" name="test_correlation_populated_after_traffic_and_action" time="77.509" /><testcase classname="backend.tests.test_iteration16_dampen_correlation.TestRegression" name="test_topology_schema" time="15.140" /><testcase classname="backend.tests.test_iteration16_dampen_correlation.TestRegression" name="test_fault_propagation" time="0.179" /><testcase classname="backend.tests.test_iteration16_dampen_correlation.TestRegression" name="test_resilience_debt" time="11.342" /><testcase classname="backend.tests.test_iteration16_dampen_correlation.TestRegression" name="test_trend_has_non_recoverable" time="0.156" /><testcase classname="backend.tests.test_iteration16_dampen_correlation.TestRegression" name="test_admin_webhooks_status" time="0.463" /><testcase classname="backend.tests.test_iteration16_dampen_correlation.TestRegression" name="test_auth_login" time="12.645" /><testcase classname="backend.tests.test_iteration16_dampen_correlation.TestRegression" name="test_products" time="0.151" /></testsuite></testsuites>