<?xml version="1.0" encoding="utf-8"?><testsuites name="pytest tests"><testsuite name="pytest" errors="0" failures="0" skipped="0" tests="17" time="4.727" timestamp="2026-05-05T21:32:19.068166+00:00" hostname="agent-env-43813db8-ddfb-48b7-8d00-e30285679c40"><testcase classname="backend.tests.test_iteration14_webhooks_schema.TestTopologySchema" name="test_schema_endpoint_no_auth_200" time="0.378" /><testcase classname="backend.tests.test_iteration14_webhooks_schema.TestTopologySchema" name="test_schema_services_exact" time="0.155" /><testcase classname="backend.tests.test_iteration14_webhooks_schema.TestTopologySchema" name="test_schema_inter_edges" time="0.142" /><testcase classname="backend.tests.test_iteration14_webhooks_schema.TestTopologySchema" name="test_schema_components_mapping" time="0.129" /><testcase classname="backend.tests.test_iteration14_webhooks_schema.TestTopologySchema" name="test_schema_fine_edges_count" time="0.174" /><testcase classname="backend.tests.test_iteration14_webhooks_schema.TestWebhookEndpoints" name="test_status_admin_200" time="0.446" /><testcase classname="backend.tests.test_iteration14_webhooks_schema.TestWebhookEndpoints" name="test_status_non_admin_403" time="0.830" /><testcase classname="backend.tests.test_iteration14_webhooks_schema.TestWebhookEndpoints" name="test_status_unauth_401" time="0.138" /><testcase classname="backend.tests.test_iteration14_webhooks_schema.TestWebhookEndpoints" name="test_test_admin_200" time="0.079" /><testcase classname="backend.tests.test_iteration14_webhooks_schema.TestWebhookEndpoints" name="test_test_non_admin_403" time="0.074" /><testcase classname="backend.tests.test_iteration14_webhooks_schema.TestWebhookNotifierUnit" name="test_dispatch_critical_hits_both_endpoints_and_cooldown" time="0.582" /><testcase classname="backend.tests.test_iteration14_webhooks_schema.TestRegression" name="test_fea_service_no_components_key" time="0.185" /><testcase classname="backend.tests.test_iteration14_webhooks_schema.TestRegression" name="test_fea_component_has_components" time="0.144" /><testcase classname="backend.tests.test_iteration14_webhooks_schema.TestRegression" name="test_topology_fine_19_nodes" time="0.140" /><testcase classname="backend.tests.test_iteration14_webhooks_schema.TestRegression" name="test_metrics_real_200" time="0.124" /><testcase classname="backend.tests.test_iteration14_webhooks_schema.TestRegression" name="test_auth_login_200" time="0.355" /><testcase classname="backend.tests.test_iteration14_webhooks_schema.TestRegression" name="test_products_200" time="0.544" /></testsuite></testsuites>