<?xml version="1.0" encoding="utf-8"?><testsuites name="pytest tests"><testsuite name="pytest" errors="0" failures="0" skipped="0" tests="20" time="22.125" timestamp="2026-05-07T02:09:28.130208+00:00" hostname="agent-env-43813db8-ddfb-48b7-8d00-e30285679c40"><testcase classname="backend.tests.test_iteration17_active_propagations.TestSnapshot" name="test_snapshot_shape" time="0.383" /><testcase classname="backend.tests.test_iteration17_active_propagations.TestConfig" name="test_disable_then_enable" time="0.148" /><testcase classname="backend.tests.test_iteration17_active_propagations.TestConfig" name="test_interval_clamp_low" time="0.078" /><testcase classname="backend.tests.test_iteration17_active_propagations.TestConfig" name="test_interval_clamp_high" time="0.139" /><testcase classname="backend.tests.test_iteration17_active_propagations.TestOptimize" name="test_optimize_shape_and_ordering" time="0.073" /><testcase classname="backend.tests.test_iteration17_active_propagations.TestOptimize" name="test_optimize_invalid_granularity" time="0.070" /><testcase classname="backend.tests.test_iteration17_active_propagations.TestExecute" name="test_execute_returns_per_step_results" time="0.546" /><testcase classname="backend.tests.test_iteration17_active_propagations.TestExecute" name="test_execute_empty_400" time="0.068" /><testcase classname="backend.tests.test_iteration17_active_propagations.TestExecute" name="test_execute_delay_too_high_400" time="0.071" /><testcase classname="backend.tests.test_iteration17_active_propagations.TestHeavyTrafficActivation" name="test_active_populated_under_traffic" time="19.199" /><testcase classname="backend.tests.test_iteration17_active_propagations.TestRegression" name="test_topology_schema" time="0.064" /><testcase classname="backend.tests.test_iteration17_active_propagations.TestRegression" name="test_fea_component" time="0.096" /><testcase classname="backend.tests.test_iteration17_active_propagations.TestRegression" name="test_auto_dampen_wave" time="0.071" /><testcase classname="backend.tests.test_iteration17_active_propagations.TestRegression" name="test_fault_propagation" time="0.065" /><testcase classname="backend.tests.test_iteration17_active_propagations.TestRegression" name="test_resilience_debt" time="0.065" /><testcase classname="backend.tests.test_iteration17_active_propagations.TestRegression" name="test_trend" time="0.076" /><testcase classname="backend.tests.test_iteration17_active_propagations.TestRegression" name="test_correlation" time="0.069" /><testcase classname="backend.tests.test_iteration17_active_propagations.TestRegression" name="test_admin_webhooks_status" time="0.393" /><testcase classname="backend.tests.test_iteration17_active_propagations.TestRegression" name="test_login" time="0.291" /><testcase classname="backend.tests.test_iteration17_active_propagations.TestRegression" name="test_products" time="0.083" /></testsuite></testsuites>