<?xml version="1.0" encoding="utf-8"?><testsuites name="pytest tests"><testsuite name="pytest" errors="0" failures="0" skipped="1" tests="45" time="29.580" timestamp="2026-05-12T03:11:21.824667+00:00" hostname="agent-env-43813db8-ddfb-48b7-8d00-e30285679c40"><testcase classname="backend.tests.test_iteration20_microservice_split.TestInfra" name="test_main_app_health" time="0.297" /><testcase classname="backend.tests.test_iteration20_microservice_split.TestInfra" name="test_main_root_health_endpoint" time="0.138" /><testcase classname="backend.tests.test_iteration20_microservice_split.TestInfra" name="test_obs_service_running_internally" time="0.003" /><testcase classname="backend.tests.test_iteration20_microservice_split.TestEcommerce" name="test_products_list" time="0.152" /><testcase classname="backend.tests.test_iteration20_microservice_split.TestEcommerce" name="test_product_detail" time="0.135" /><testcase classname="backend.tests.test_iteration20_microservice_split.TestEcommerce" name="test_categories" time="0.126" /><testcase classname="backend.tests.test_iteration20_microservice_split.TestEcommerce" name="test_auth_me_with_admin_cookie" time="0.388" /><testcase classname="backend.tests.test_iteration20_microservice_split.TestEcommerce" name="test_cart_add_get_clear" time="0.484" /><testcase classname="backend.tests.test_iteration20_microservice_split.TestEcommerce" name="test_orders_list_auth" time="0.051" /><testcase classname="backend.tests.test_iteration20_microservice_split.TestEcommerce" name="test_admin_orders_requires_admin" time="0.058" /><testcase classname="backend.tests.test_iteration20_microservice_split.TestObsProxy" name="test_proxy_get[/api/metrics/real]" time="0.133" /><testcase classname="backend.tests.test_iteration20_microservice_split.TestObsProxy" name="test_proxy_get[/api/metrics/golden-signals]" time="0.135" /><testcase classname="backend.tests.test_iteration20_microservice_split.TestObsProxy" name="test_proxy_get[/api/metrics/customer-experience]" time="0.146" /><testcase classname="backend.tests.test_iteration20_microservice_split.TestObsProxy" name="test_proxy_get[/api/metrics/business]" time="0.149" /><testcase classname="backend.tests.test_iteration20_microservice_split.TestObsProxy" name="test_proxy_get[/api/metrics/reliability]" time="0.161" /><testcase classname="backend.tests.test_iteration20_microservice_split.TestObsProxy" name="test_proxy_get[/api/metrics/attribution]" time="0.134" /><testcase classname="backend.tests.test_iteration20_microservice_split.TestObsProxy" name="test_proxy_get[/api/metrics/sri-history]" time="0.157" /><testcase classname="backend.tests.test_iteration20_microservice_split.TestObsProxy" name="test_proxy_get[/api/metrics/summary]" time="0.208" /><testcase classname="backend.tests.test_iteration20_microservice_split.TestObsProxy" name="test_proxy_get[/api/metrics/correlation]" time="0.133" /><testcase classname="backend.tests.test_iteration20_microservice_split.TestObsProxy" name="test_proxy_get[/api/healing]" time="0.132" /><testcase classname="backend.tests.test_iteration20_microservice_split.TestObsProxy" name="test_proxy_get[/api/healing/status]" time="0.119" /><testcase classname="backend.tests.test_iteration20_microservice_split.TestObsProxy" name="test_proxy_get[/api/healing/fea]" time="0.130" /><testcase classname="backend.tests.test_iteration20_microservice_split.TestObsProxy" name="test_proxy_get[/api/healing/topology]" time="0.142" /><testcase classname="backend.tests.test_iteration20_microservice_split.TestObsProxy" name="test_proxy_get[/api/healing/topology/schema]" time="0.109" /><testcase classname="backend.tests.test_iteration20_microservice_split.TestObsProxy" name="test_proxy_get[/api/healing/rca]" time="0.129" /><testcase classname="backend.tests.test_iteration20_microservice_split.TestObsProxy" name="test_proxy_get[/api/healing/trend]" time="0.128" /><testcase classname="backend.tests.test_iteration20_microservice_split.TestObsProxy" name="test_proxy_get[/api/healing/resilience-debt]" time="0.117" /><testcase classname="backend.tests.test_iteration20_microservice_split.TestObsProxy" name="test_proxy_get[/api/healing/active-propagations]" time="0.128" /><testcase classname="backend.tests.test_iteration20_microservice_split.TestObsProxy" name="test_proxy_get[/api/healing/history]" time="0.188" /><testcase classname="backend.tests.test_iteration20_microservice_split.TestObsProxy" name="test_proxy_get[/api/cx/metrics]" time="0.115" /><testcase classname="backend.tests.test_iteration20_microservice_split.TestObsProxy" name="test_proxy_get[/api/alerts]" time="0.112" /><testcase classname="backend.tests.test_iteration20_microservice_split.TestObsProxy" name="test_proxy_returns_same_body_as_direct" time="0.122" /><testcase classname="backend.tests.test_iteration20_microservice_split.TestObsProxy" name="test_synthetic_user_post_proxy" time="0.146" /><testcase classname="backend.tests.test_iteration20_microservice_split.TestObsProxy" name="test_admin_webhooks_status_requires_auth" time="0.054" /><testcase classname="backend.tests.test_iteration20_microservice_split.TestObsProxy" name="test_admin_webhooks_test_preserves_cookie" time="0.174" /><testcase classname="backend.tests.test_iteration20_microservice_split.TestObsProxy" name="test_unknown_proxy_path_404" time="0.106" /><testcase classname="backend.tests.test_iteration20_microservice_split.TestEventEmission" name="test_request_events_propagate_to_obs_traffic" time="4.356" /><testcase classname="backend.tests.test_iteration20_microservice_split.TestEventEmission" name="test_business_event_addtocart_increments" time="2.392" /><testcase classname="backend.tests.test_iteration20_microservice_split.TestEventEmission" name="test_business_event_order_complete" time="1.841" /><testcase classname="backend.tests.test_iteration20_microservice_split.TestRumBeacon" name="test_rum_beacon_proxy" time="0.108" /><testcase classname="backend.tests.test_iteration20_microservice_split.TestHealing" name="test_healing_recommendations" time="0.120" /><testcase classname="backend.tests.test_iteration20_microservice_split.TestHealing" name="test_healing_toggle_requires_auth" time="0.171" /><testcase classname="backend.tests.test_iteration20_microservice_split.TestHealing" name="test_fault_propagation_api" time="0.106" /><testcase classname="backend.tests.test_iteration20_microservice_split.TestWebSocketProxy" name="test_ws_alerts_proxy" time="0.015" /><testcase classname="backend.tests.test_iteration20_microservice_split.TestWebSocketProxy" name="test_ws_alerts_external_url" time="15.018"><skipped type="pytest.skip" message="External WS not reachable through ingress: timed out during opening handshake">/app/backend/tests/test_iteration20_microservice_split.py:375: External WS not reachable through ingress: timed out during opening handshake</skipped></testcase></testsuite></testsuites>