<?xml version="1.0" encoding="utf-8"?><testsuites name="pytest tests"><testsuite name="pytest" errors="0" failures="0" skipped="0" tests="16" time="32.399" timestamp="2026-05-06T06:47:07.301669+00:00" hostname="agent-env-43813db8-ddfb-48b7-8d00-e30285679c40"><testcase classname="backend.tests.test_iteration15_fault_propagation.TestFaultPropagation" name="test_service_level_API_source" time="0.206" /><testcase classname="backend.tests.test_iteration15_fault_propagation.TestFaultPropagation" name="test_component_level_DB_orders" time="0.072" /><testcase classname="backend.tests.test_iteration15_fault_propagation.TestFaultPropagation" name="test_invalid_source" time="0.069" /><testcase classname="backend.tests.test_iteration15_fault_propagation.TestFaultPropagation" name="test_invalid_granularity" time="0.067" /><testcase classname="backend.tests.test_iteration15_fault_propagation.TestFaultPropagation" name="test_invalid_steps" time="0.066" /><testcase classname="backend.tests.test_iteration15_fault_propagation.TestFaultPropagation" name="test_invalid_fault_strength" time="0.064" /><testcase classname="backend.tests.test_iteration15_fault_propagation.TestNonRecoverableTrend" name="test_trend_always_has_non_recoverable_keys" time="0.070" /><testcase classname="backend.tests.test_iteration15_fault_propagation.TestResilienceDebt" name="test_snapshot_shape" time="0.065" /><testcase classname="backend.tests.test_iteration15_fault_propagation.TestResilienceDebt" name="test_cost_grows_with_traffic" time="30.366" /><testcase classname="backend.tests.test_iteration15_fault_propagation.TestCascadeRisk" name="test_service_edge_analysis_has_cascade_risk" time="0.070" /><testcase classname="backend.tests.test_iteration15_fault_propagation.TestCascadeRisk" name="test_component_path_analysis_has_cascade_risk" time="0.081" /><testcase classname="backend.tests.test_iteration15_fault_propagation.TestRegressions" name="test_topology_schema" time="0.068" /><testcase classname="backend.tests.test_iteration15_fault_propagation.TestRegressions" name="test_fea_component_nested" time="0.098" /><testcase classname="backend.tests.test_iteration15_fault_propagation.TestRegressions" name="test_admin_webhooks_status" time="0.511" /><testcase classname="backend.tests.test_iteration15_fault_propagation.TestRegressions" name="test_auth_login" time="0.288" /><testcase classname="backend.tests.test_iteration15_fault_propagation.TestRegressions" name="test_products" time="0.070" /></testsuite></testsuites>