<?xml version="1.0" encoding="utf-8"?><testsuites name="pytest tests"><testsuite name="pytest" errors="0" failures="0" skipped="0" tests="18" time="2.142" timestamp="2026-05-08T07:23:54.764502+00:00" hostname="agent-env-43813db8-ddfb-48b7-8d00-e30285679c40"><testcase classname="backend.tests.test_iteration19_frontend_sri.TestTopologySchema" name="test_schema_includes_frontend" time="0.149" /><testcase classname="backend.tests.test_iteration19_frontend_sri.TestTopologySchema" name="test_frontend_api_inter_edge" time="0.049" /><testcase classname="backend.tests.test_iteration19_frontend_sri.TestTopologySchema" name="test_frontend_components" time="0.045" /><testcase classname="backend.tests.test_iteration19_frontend_sri.TestTopologySchema" name="test_fine_edges_frontend_to_api" time="0.058" /><testcase classname="backend.tests.test_iteration19_frontend_sri.TestRumBeacon" name="test_beacon_basic" time="0.050" /><testcase classname="backend.tests.test_iteration19_frontend_sri.TestRumBeacon" name="test_empty_beacon_does_not_crash" time="0.047" /><testcase classname="backend.tests.test_iteration19_frontend_sri.TestRumBeacon" name="test_beacon_clamps_huge_page_load" time="0.049" /><testcase classname="backend.tests.test_iteration19_frontend_sri.TestFEAFromRum" name="test_bad_beacons_drive_frontend_stress" time="0.837" /><testcase classname="backend.tests.test_iteration19_frontend_sri.TestMetricsRealIncludesFrontend" name="test_metrics_real_has_frontend" time="0.057" /><testcase classname="backend.tests.test_iteration19_frontend_sri.TestFaultPropagationFrontend" name="test_propagation_frontend_source" time="0.047" /><testcase classname="backend.tests.test_iteration19_frontend_sri.TestAutoDampenFrontend" name="test_autodampen_arrests_wave" time="0.048" /><testcase classname="backend.tests.test_iteration19_frontend_sri.TestRegression" name="test_active_propagations" time="0.046" /><testcase classname="backend.tests.test_iteration19_frontend_sri.TestRegression" name="test_optimize_sequence" time="0.071" /><testcase classname="backend.tests.test_iteration19_frontend_sri.TestRegression" name="test_cx_metrics" time="0.058" /><testcase classname="backend.tests.test_iteration19_frontend_sri.TestRegression" name="test_synthetic_user" time="0.056" /><testcase classname="backend.tests.test_iteration19_frontend_sri.TestRegression" name="test_correlation" time="0.044" /><testcase classname="backend.tests.test_iteration19_frontend_sri.TestRegression" name="test_login" time="0.284" /><testcase classname="backend.tests.test_iteration19_frontend_sri.TestRegression" name="test_products" time="0.047" /></testsuite></testsuites>