<?xml version="1.0" encoding="utf-8"?><testsuites name="pytest tests"><testsuite name="pytest" errors="0" failures="1" skipped="0" tests="18" time="9.639" timestamp="2026-05-05T21:15:19.581585+00:00" hostname="agent-env-43813db8-ddfb-48b7-8d00-e30285679c40"><testcase classname="backend.tests.test_iteration13_fea_topology.TestFEAServiceGranularity" name="test_default_is_service_flat" time="0.322" /><testcase classname="backend.tests.test_iteration13_fea_topology.TestFEAServiceGranularity" name="test_explicit_service_granularity" time="0.166" /><testcase classname="backend.tests.test_iteration13_fea_topology.TestFEAServiceGranularity" name="test_invalid_granularity_defaults_to_service" time="0.122" /><testcase classname="backend.tests.test_iteration13_fea_topology.TestFEAComponentGranularity" name="test_component_response_shape" time="0.168" /><testcase classname="backend.tests.test_iteration13_fea_topology.TestFEAComponentGranularity" name="test_each_service_has_components_and_intra_edges" time="0.126" /><testcase classname="backend.tests.test_iteration13_fea_topology.TestFEAComponentGranularity" name="test_component_field_contract" time="0.135" /><testcase classname="backend.tests.test_iteration13_fea_topology.TestFEAComponentGranularity" name="test_domain_specific_component_mapping" time="0.107" /><testcase classname="backend.tests.test_iteration13_fea_topology.TestFEAComponentGranularity" name="test_component_names_are_dotted" time="0.135" /><testcase classname="backend.tests.test_iteration13_fea_topology.TestFEAComponentGranularity" name="test_intra_edges_stay_within_parent" time="0.162" /><testcase classname="backend.tests.test_iteration13_fea_topology.TestFEAComponentGranularity" name="test_under_load_nontrivial_stress" time="6.726" /><testcase classname="backend.tests.test_iteration13_fea_topology.TestRegression" name="test_topology_fine_still_works" time="0.100" /><testcase classname="backend.tests.test_iteration13_fea_topology.TestRegression" name="test_topology_default_service" time="0.139" /><testcase classname="backend.tests.test_iteration13_fea_topology.TestRegression" name="test_metrics_real" time="0.153" /><testcase classname="backend.tests.test_iteration13_fea_topology.TestRegression" name="test_metrics_reliability" time="0.137" /><testcase classname="backend.tests.test_iteration13_fea_topology.TestRegression" name="test_metrics_business" time="0.134" /><testcase classname="backend.tests.test_iteration13_fea_topology.TestRegression" name="test_healing_status" time="0.149" /><testcase classname="backend.tests.test_iteration13_fea_topology.TestRegression" name="test_products" time="0.133" /><testcase classname="backend.tests.test_iteration13_fea_topology.TestRegression" name="test_admin_login" time="0.349"><failure message="AssertionError: assert ('user' in {'email': 'admin@freshcart.com', 'id': '69d1fc47eea13eb815a4b685', 'name': 'Admin', 'role': 'admin'} or 'token' in {'email': 'admin@freshcart.com', 'id': '69d1fc47eea13eb815a4b685', 'name': 'Admin', 'role': 'admin'} or 'access_token' in {'email': 'admin@freshcart.com', 'id': '69d1fc47eea13eb815a4b685', 'name': 'Admin', 'role': 'admin'})">backend/tests/test_iteration13_fea_topology.py:214: in test_admin_login
    assert "user" in data or "token" in data or "access_token" in data
E   AssertionError: assert ('user' in {'email': 'admin@freshcart.com', 'id': '69d1fc47eea13eb815a4b685', 'name': 'Admin', 'role': 'admin'} or 'token' in {'email': 'admin@freshcart.com', 'id': '69d1fc47eea13eb815a4b685', 'name': 'Admin', 'role': 'admin'} or 'access_token' in {'email': 'admin@freshcart.com', 'id': '69d1fc47eea13eb815a4b685', 'name': 'Admin', 'role': 'admin'})</failure></testcase></testsuite></testsuites>