<?xml version="1.0" encoding="utf-8"?><testsuites name="pytest tests"><testsuite name="pytest" errors="0" failures="0" skipped="0" tests="14" time="1.780" timestamp="2026-05-14T20:27:26.139442+00:00" hostname="agent-env-43813db8-ddfb-48b7-8d00-e30285679c40"><testcase classname="backend.tests.test_iteration21_tier3_endpoint_topology.TestTopologySchema" name="test_schema_version_and_counts" time="0.320" /><testcase classname="backend.tests.test_iteration21_tier3_endpoint_topology.TestTopologySchema" name="test_schema_keys_present" time="0.107" /><testcase classname="backend.tests.test_iteration21_tier3_endpoint_topology.TestTopologySchema" name="test_schema_edge_counts" time="0.104" /><testcase classname="backend.tests.test_iteration21_tier3_endpoint_topology.TestTopologySchema" name="test_schema_components_and_endpoints_shape" time="0.065" /><testcase classname="backend.tests.test_iteration21_tier3_endpoint_topology.TestFEAGranularity" name="test_service_no_regression" time="0.099" /><testcase classname="backend.tests.test_iteration21_tier3_endpoint_topology.TestFEAGranularity" name="test_component_granularity" time="0.158" /><testcase classname="backend.tests.test_iteration21_tier3_endpoint_topology.TestFEAGranularity" name="test_endpoint_granularity" time="0.143" /><testcase classname="backend.tests.test_iteration21_tier3_endpoint_topology.TestFaultPropagation" name="test_endpoint_fault_prop" time="0.066" /><testcase classname="backend.tests.test_iteration21_tier3_endpoint_topology.TestFaultPropagation" name="test_component_fault_prop_regression" time="0.111" /><testcase classname="backend.tests.test_iteration21_tier3_endpoint_topology.TestDampenWaveTier3" name="test_dampen_endpoint_response" time="0.103" /><testcase classname="backend.tests.test_iteration21_tier3_endpoint_topology" name="test_existing_endpoints_no_regression[/api/metrics/real]" time="0.111" /><testcase classname="backend.tests.test_iteration21_tier3_endpoint_topology" name="test_existing_endpoints_no_regression[/api/healing]" time="0.102" /><testcase classname="backend.tests.test_iteration21_tier3_endpoint_topology" name="test_existing_endpoints_no_regression[/api/healing/topology]" time="0.108" /><testcase classname="backend.tests.test_iteration21_tier3_endpoint_topology" name="test_existing_endpoints_no_regression[/api/cx/metrics]" time="0.105" /></testsuite></testsuites>