<?xml version="1.0" encoding="utf-8"?><testsuites name="pytest tests"><testsuite name="pytest" errors="0" failures="0" skipped="0" tests="15" time="4.054" timestamp="2026-04-28T01:10:38.955835+00:00" hostname="agent-env-43813db8-ddfb-48b7-8d00-e30285679c40"><testcase classname="backend.tests.test_iteration10_fea_rca.TestRootHealth" name="test_root_health_200_internal" time="2.201" /><testcase classname="backend.tests.test_iteration10_fea_rca.TestRootHealth" name="test_root_health_public_url_not_backend" time="0.050" /><testcase classname="backend.tests.test_iteration10_fea_rca.TestHealingTrend" name="test_trend_shape" time="0.062" /><testcase classname="backend.tests.test_iteration10_fea_rca.TestHealingTrend" name="test_trend_has_samples_after_traffic" time="1.064" /><testcase classname="backend.tests.test_iteration10_fea_rca.TestHealingFEA" name="test_fea_top_level_keys" time="0.056" /><testcase classname="backend.tests.test_iteration10_fea_rca.TestHealingFEA" name="test_fea_element_structure" time="0.048" /><testcase classname="backend.tests.test_iteration10_fea_rca.TestHealingFEA" name="test_fea_load_displacement_vectors" time="0.055" /><testcase classname="backend.tests.test_iteration10_fea_rca.TestHealingFEA" name="test_fea_multi_ca_consistency" time="0.060" /><testcase classname="backend.tests.test_iteration10_fea_rca.TestHealingFEA" name="test_fea_sri_trend_embedded" time="0.054" /><testcase classname="backend.tests.test_iteration10_fea_rca.TestHealingRCA" name="test_rca_fea_summary" time="0.048" /><testcase classname="backend.tests.test_iteration10_fea_rca.TestHealingRCA" name="test_rca_multi_ca_targets" time="0.051" /><testcase classname="backend.tests.test_iteration10_fea_rca.TestHealingRCA" name="test_rca_sri_trend" time="0.053" /><testcase classname="backend.tests.test_iteration10_fea_rca.TestHealingRCA" name="test_rca_node_rankings_include_fea_metrics" time="0.047" /><testcase classname="backend.tests.test_iteration10_fea_rca.TestHealingStatus" name="test_status_fea_summary" time="0.050" /><testcase classname="backend.tests.test_iteration10_fea_rca.TestMultiCAIntegration" name="test_fea_recommends_actions_exist" time="0.053" /></testsuite></testsuites>