<?xml version="1.0" encoding="utf-8"?><testsuites name="pytest tests"><testsuite name="pytest" errors="0" failures="0" skipped="0" tests="28" time="10.470" timestamp="2026-05-07T05:26:42.266063+00:00" hostname="agent-env-43813db8-ddfb-48b7-8d00-e30285679c40"><testcase classname="backend.tests.test_iteration18_cx_metrics.TestCxMetricsShape" name="test_metrics_default_window" time="0.150" /><testcase classname="backend.tests.test_iteration18_cx_metrics.TestCxMetricsShape" name="test_metrics_custom_window" time="0.046" /><testcase classname="backend.tests.test_iteration18_cx_metrics.TestCxMetricsShape" name="test_metrics_window_too_small" time="0.046" /><testcase classname="backend.tests.test_iteration18_cx_metrics.TestCxMetricsShape" name="test_metrics_window_too_large" time="0.047" /><testcase classname="backend.tests.test_iteration18_cx_metrics.TestCxMetricsShape" name="test_rolling30s_keys_present" time="0.046" /><testcase classname="backend.tests.test_iteration18_cx_metrics.TestCxMetricsShape" name="test_series_entry_keys" time="8.240" /><testcase classname="backend.tests.test_iteration18_cx_metrics.TestCxMetricsShape" name="test_annotations_have_t_relative_and_cx_delta" time="0.051" /><testcase classname="backend.tests.test_iteration18_cx_metrics.TestSyntheticUserRun" name="test_run_synthetic_user_shape" time="0.064" /><testcase classname="backend.tests.test_iteration18_cx_metrics.TestSyntheticUserRun" name="test_run_synthetic_step_keys" time="0.066" /><testcase classname="backend.tests.test_iteration18_cx_metrics.TestSyntheticUserRun" name="test_run_synthetic_completes_under_3s" time="0.054" /><testcase classname="backend.tests.test_iteration18_cx_metrics.TestSyntheticUserRun" name="test_recent_journeys_capped_at_5" time="0.176" /><testcase classname="backend.tests.test_iteration18_cx_metrics.TestSyntheticUserRun" name="test_checkout_preview_returns_401_counted_as_error" time="0.062" /><testcase classname="backend.tests.test_iteration18_cx_metrics.TestPerceivedSpeedScoring" name="test_fast_step_scores_100" time="0.059" /><testcase classname="backend.tests.test_iteration18_cx_metrics.TestPerceivedSpeedScoring" name="test_perceived_speed_bounded" time="0.059" /><testcase classname="backend.tests.test_iteration18_cx_metrics.TestPerceivedSpeedScoring" name="test_perceived_speed_linear_interp" time="0.062" /><testcase classname="backend.tests.test_iteration18_cx_metrics" name="test_regression_get_endpoints[/api/healing/topology/schema]" time="0.049" /><testcase classname="backend.tests.test_iteration18_cx_metrics" name="test_regression_get_endpoints[/api/healing/fea?granularity=service]" time="0.048" /><testcase classname="backend.tests.test_iteration18_cx_metrics" name="test_regression_get_endpoints[/api/healing/fea?granularity=component]" time="0.062" /><testcase classname="backend.tests.test_iteration18_cx_metrics" name="test_regression_get_endpoints[/api/healing/active-propagations]" time="0.047" /><testcase classname="backend.tests.test_iteration18_cx_metrics" name="test_regression_get_endpoints[/api/metrics/correlation]" time="0.050" /><testcase classname="backend.tests.test_iteration18_cx_metrics" name="test_regression_get_endpoints[/api/healing/resilience-debt]" time="0.045" /><testcase classname="backend.tests.test_iteration18_cx_metrics" name="test_regression_get_endpoints[/api/healing/trend]" time="0.048" /><testcase classname="backend.tests.test_iteration18_cx_metrics" name="test_regression_get_endpoints[/api/products]" time="0.048" /><testcase classname="backend.tests.test_iteration18_cx_metrics" name="test_regression_auto_dampen_wave" time="0.049" /><testcase classname="backend.tests.test_iteration18_cx_metrics" name="test_regression_optimize_sequence" time="0.052" /><testcase classname="backend.tests.test_iteration18_cx_metrics" name="test_regression_execute_sequence" time="0.047" /><testcase classname="backend.tests.test_iteration18_cx_metrics" name="test_regression_admin_webhooks_status" time="0.340" /><testcase classname="backend.tests.test_iteration18_cx_metrics" name="test_regression_auth_login" time="0.281" /></testsuite></testsuites>