<?xml version="1.0" encoding="utf-8"?><testsuites name="pytest tests"><testsuite name="pytest" errors="0" failures="0" skipped="0" tests="11" time="3.137" timestamp="2026-04-27T20:44:52.026093+00:00" hostname="agent-env-43813db8-ddfb-48b7-8d00-e30285679c40"><testcase classname="backend.tests.test_iteration9_features.TestHealingRCA" name="test_healing_rca_endpoint" time="0.249" /><testcase classname="backend.tests.test_iteration9_features.TestHealingRCA" name="test_healing_status_includes_rca" time="0.117" /><testcase classname="backend.tests.test_iteration9_features.TestHealingRCA" name="test_healing_recommendations_includes_rca" time="0.162" /><testcase classname="backend.tests.test_iteration9_features.TestHealingRCA" name="test_rca_node_rankings_sorted_desc" time="0.123" /><testcase classname="backend.tests.test_iteration9_features.TestAuth" name="test_register_user" time="0.369" /><testcase classname="backend.tests.test_iteration9_features.TestAuth" name="test_login_admin" time="0.411" /><testcase classname="backend.tests.test_iteration9_features.TestAuth" name="test_login_regular_user" time="0.544" /><testcase classname="backend.tests.test_iteration9_features.TestPurchaseFlow" name="test_products_listing" time="0.516" /><testcase classname="backend.tests.test_iteration9_features.TestPurchaseFlow" name="test_empty_cart_returns_empty_state" time="0.105" /><testcase classname="backend.tests.test_iteration9_features.TestPurchaseFlow" name="test_full_purchase_and_cart_cleared" time="0.378" /><testcase classname="backend.tests.test_iteration9_features.TestPurchaseFlow" name="test_checkout_with_empty_cart_returns_error" time="0.051" /></testsuite></testsuites>