<?xml version="1.0" encoding="utf-8"?><testsuites name="pytest tests"><testsuite name="pytest" errors="0" failures="0" skipped="3" tests="56" time="14.898" timestamp="2026-04-05T13:53:13.964340+00:00" hostname="agent-env-43813db8-ddfb-48b7-8d00-e30285679c40"><testcase classname="backend.tests.test_freshcart_api.TestHealthAndBasics" name="test_health_endpoint" time="0.118" /><testcase classname="backend.tests.test_freshcart_api.TestHealthAndBasics" name="test_root_endpoint" time="0.101" /><testcase classname="backend.tests.test_freshcart_api.TestAuthentication" name="test_admin_login_success" time="0.340" /><testcase classname="backend.tests.test_freshcart_api.TestAuthentication" name="test_login_invalid_credentials" time="0.319" /><testcase classname="backend.tests.test_freshcart_api.TestAuthentication" name="test_register_new_user" time="0.322" /><testcase classname="backend.tests.test_freshcart_api.TestAuthentication" name="test_register_duplicate_email" time="0.114" /><testcase classname="backend.tests.test_freshcart_api.TestAuthentication" name="test_get_current_user" time="0.405" /><testcase classname="backend.tests.test_freshcart_api.TestAuthentication" name="test_logout" time="0.383" /><testcase classname="backend.tests.test_freshcart_api.TestProducts" name="test_get_all_products" time="0.104" /><testcase classname="backend.tests.test_freshcart_api.TestProducts" name="test_get_products_by_category" time="0.095" /><testcase classname="backend.tests.test_freshcart_api.TestProducts" name="test_get_single_product" time="0.209" /><testcase classname="backend.tests.test_freshcart_api.TestProducts" name="test_get_categories" time="0.099" /><testcase classname="backend.tests.test_freshcart_api.TestCart" name="test_get_cart" time="0.376" /><testcase classname="backend.tests.test_freshcart_api.TestCart" name="test_add_to_cart" time="0.509" /><testcase classname="backend.tests.test_freshcart_api.TestCart" name="test_update_cart_item" time="0.442" /><testcase classname="backend.tests.test_freshcart_api.TestCart" name="test_remove_from_cart" time="0.411" /><testcase classname="backend.tests.test_freshcart_api.TestCart" name="test_clear_cart" time="0.421" /><testcase classname="backend.tests.test_freshcart_api.TestMetrics" name="test_real_metrics_endpoint" time="0.100" /><testcase classname="backend.tests.test_freshcart_api.TestMetrics" name="test_metrics_summary" time="0.124" /><testcase classname="backend.tests.test_freshcart_api.TestMetrics" name="test_transaction_metrics" time="0.132" /><testcase classname="backend.tests.test_freshcart_api.TestMetrics" name="test_sri_history" time="0.118" /><testcase classname="backend.tests.test_freshcart_api.TestMetrics" name="test_grafana_url_endpoint" time="0.099" /><testcase classname="backend.tests.test_freshcart_api.TestGrafanaProxy" name="test_grafana_redirect_page" time="0.096" /><testcase classname="backend.tests.test_freshcart_api.TestGrafanaProxy" name="test_grafana_health" time="0.141" /><testcase classname="backend.tests.test_freshcart_api.TestGrafanaProxy" name="test_grafana_dashboard_page" time="0.140" /><testcase classname="backend.tests.test_freshcart_api.TestGrafanaProxy" name="test_grafana_css_assets" time="0.324" /><testcase classname="backend.tests.test_freshcart_api.TestAlerts" name="test_get_alerts" time="0.109" /><testcase classname="backend.tests.test_freshcart_api.TestAlerts" name="test_get_alert_config" time="0.096" /><testcase classname="backend.tests.test_freshcart_api.TestAdminEndpoints" name="test_admin_get_all_orders" time="0.376" /><testcase classname="backend.tests.test_freshcart_api.TestAdminEndpoints" name="test_non_admin_cannot_access_admin_orders" time="0.371" /><testcase classname="backend.tests.test_freshcart_api.TestEcommerceFlow" name="test_complete_purchase_flow" time="0.654" /><testcase classname="backend.tests.test_healing_api.TestHealingStatusEndpoint" name="test_healing_status_returns_200" time="0.099" /><testcase classname="backend.tests.test_healing_api.TestHealingStatusEndpoint" name="test_healing_status_structure" time="0.108" /><testcase classname="backend.tests.test_healing_api.TestHealingStatusEndpoint" name="test_healing_status_has_all_5_actions" time="0.099" /><testcase classname="backend.tests.test_healing_api.TestHealingStatusEndpoint" name="test_healing_status_action_details" time="0.097" /><testcase classname="backend.tests.test_healing_api.TestHealingRecommendationsEndpoint" name="test_recommendations_returns_200" time="0.096" /><testcase classname="backend.tests.test_healing_api.TestHealingRecommendationsEndpoint" name="test_recommendations_structure" time="0.100" /><testcase classname="backend.tests.test_healing_api.TestHealingRecommendationsEndpoint" name="test_recommendations_have_correct_fields" time="0.105" /><testcase classname="backend.tests.test_healing_api.TestHealingHistoryEndpoint" name="test_history_returns_200" time="0.109" /><testcase classname="backend.tests.test_healing_api.TestHealingHistoryEndpoint" name="test_history_returns_array" time="0.093" /><testcase classname="backend.tests.test_healing_api.TestHealingHistoryEndpoint" name="test_history_with_limit" time="0.094" /><testcase classname="backend.tests.test_healing_api.TestHealingToggleEndpoint" name="test_toggle_requires_auth" time="0.096" /><testcase classname="backend.tests.test_healing_api.TestHealingToggleEndpoint" name="test_toggle_requires_admin" time="0.454" /><testcase classname="backend.tests.test_healing_api.TestHealingToggleEndpoint" name="test_toggle_enable_autoheal" time="0.384" /><testcase classname="backend.tests.test_healing_api.TestHealingToggleEndpoint" name="test_toggle_disable_autoheal" time="0.381" /><testcase classname="backend.tests.test_healing_api.TestHealingToggleEndpoint" name="test_toggle_verify_state_persists" time="0.650" /><testcase classname="backend.tests.test_healing_api.TestHealingTriggerEndpoint" name="test_trigger_requires_auth" time="0.096" /><testcase classname="backend.tests.test_healing_api.TestHealingTriggerEndpoint" name="test_trigger_requires_admin" time="0.369" /><testcase classname="backend.tests.test_healing_api.TestHealingTriggerEndpoint" name="test_trigger_invalid_action_id" time="0.370" /><testcase classname="backend.tests.test_healing_api.TestHealingTriggerEndpoint" name="test_trigger_cache_flush" time="0.467" /><testcase classname="backend.tests.test_healing_api.TestHealingTriggerEndpoint" name="test_trigger_rate_limit" time="0.469" /><testcase classname="backend.tests.test_healing_api.TestHealingTriggerEndpoint" name="test_trigger_circuit_breaker" time="0.448"><skipped type="pytest.skip" message="circuit_breaker on cooldown">/app/backend/tests/test_healing_api.py:308: circuit_breaker on cooldown</skipped></testcase><testcase classname="backend.tests.test_healing_api.TestHealingTriggerEndpoint" name="test_trigger_connection_pool_reset" time="0.421"><skipped type="pytest.skip" message="connection_pool_reset on cooldown">/app/backend/tests/test_healing_api.py:322: connection_pool_reset on cooldown</skipped></testcase><testcase classname="backend.tests.test_healing_api.TestHealingTriggerEndpoint" name="test_trigger_queue_drain" time="0.491" /><testcase classname="backend.tests.test_healing_api.TestHealingTriggerEndpoint" name="test_trigger_cooldown_respected" time="0.497" /><testcase classname="backend.tests.test_healing_api.TestHealingHistoryAfterTrigger" name="test_history_updated_after_trigger" time="0.542"><skipped type="pytest.skip" message="No action available to execute">/app/backend/tests/test_healing_api.py:405: No action available to execute</skipped></testcase></testsuite></testsuites>