<?xml version="1.0" encoding="utf-8"?><testsuites name="pytest tests"><testsuite name="pytest" errors="0" failures="0" skipped="0" tests="26" time="4.689" timestamp="2026-04-18T10:33:16.915519+00:00" hostname="agent-env-43813db8-ddfb-48b7-8d00-e30285679c40"><testcase classname="backend.tests.test_golden_signals_cx.TestGoldenSignalsAPI" name="test_golden_signals_returns_4_signals" time="0.131" /><testcase classname="backend.tests.test_golden_signals_cx.TestGoldenSignalsAPI" name="test_golden_signals_have_health_scores" time="0.106" /><testcase classname="backend.tests.test_golden_signals_cx.TestGoldenSignalsAPI" name="test_golden_signals_have_sri_contributions" time="0.111" /><testcase classname="backend.tests.test_golden_signals_cx.TestCustomerExperienceAPI" name="test_customer_experience_returns_apdex" time="0.116" /><testcase classname="backend.tests.test_golden_signals_cx.TestCustomerExperienceAPI" name="test_customer_experience_returns_percentiles" time="0.108" /><testcase classname="backend.tests.test_golden_signals_cx.TestCustomerExperienceAPI" name="test_customer_experience_returns_availability" time="0.097" /><testcase classname="backend.tests.test_golden_signals_cx.TestCustomerExperienceAPI" name="test_customer_experience_returns_error_budget" time="0.117" /><testcase classname="backend.tests.test_golden_signals_cx.TestEnhancedMetricsReal" name="test_metrics_real_includes_golden_signals" time="0.109" /><testcase classname="backend.tests.test_golden_signals_cx.TestEnhancedMetricsReal" name="test_metrics_real_includes_customer_experience" time="0.101" /><testcase classname="backend.tests.test_golden_signals_cx.TestEnhancedMetricsReal" name="test_metrics_real_includes_signal_contributions" time="0.102" /><testcase classname="backend.tests.test_golden_signals_cx.TestEnhancedHealingStatus" name="test_healing_status_includes_golden_signals" time="0.099" /><testcase classname="backend.tests.test_golden_signals_cx.TestEnhancedHealingStatus" name="test_healing_status_includes_signal_contributions" time="0.099" /><testcase classname="backend.tests.test_golden_signals_cx.TestEnhancedHealingStatus" name="test_healing_status_includes_alert_driven" time="0.103" /><testcase classname="backend.tests.test_golden_signals_cx.TestHealingToggle" name="test_toggle_enabled_field" time="0.425" /><testcase classname="backend.tests.test_golden_signals_cx.TestHealingToggle" name="test_toggle_alert_driven_field" time="0.439" /><testcase classname="backend.tests.test_golden_signals_cx.TestHealingToggle" name="test_toggle_both_fields" time="0.420" /><testcase classname="backend.tests.test_golden_signals_cx.TestHealingTrigger" name="test_trigger_returns_correction_factors" time="0.430" /><testcase classname="backend.tests.test_golden_signals_cx.TestHealingTrigger" name="test_trigger_returns_golden_signals_before_after" time="0.380" /><testcase classname="backend.tests.test_golden_signals_cx.TestHealingRecommendations" name="test_recommendations_includes_golden_signals" time="0.098" /><testcase classname="backend.tests.test_golden_signals_cx.TestHealingRecommendations" name="test_recommendations_includes_correction_history" time="0.113" /><testcase classname="backend.tests.test_golden_signals_cx.TestSRIBaselineCalibration" name="test_sri_baseline_value" time="0.112" /><testcase classname="backend.tests.test_golden_signals_cx.TestSRIBaselineCalibration" name="test_warmup_complete_field" time="0.104" /><testcase classname="backend.tests.test_golden_signals_cx.TestExistingFeatures" name="test_products_endpoint" time="0.131" /><testcase classname="backend.tests.test_golden_signals_cx.TestExistingFeatures" name="test_categories_endpoint" time="0.105" /><testcase classname="backend.tests.test_golden_signals_cx.TestExistingFeatures" name="test_admin_login" time="0.325" /><testcase classname="backend.tests.test_golden_signals_cx.TestExistingFeatures" name="test_health_endpoint" time="0.096" /></testsuite></testsuites>