<?xml version="1.0" encoding="utf-8"?><testsuites name="pytest tests"><testsuite name="pytest" errors="0" failures="0" skipped="0" tests="26" time="6.372" timestamp="2026-04-25T17:46:07.604963+00:00" hostname="agent-env-43813db8-ddfb-48b7-8d00-e30285679c40"><testcase classname="backend.tests.test_iteration8_features.TestGoldenSignalsAPI" name="test_golden_signals_returns_4_signals" time="0.274" /><testcase classname="backend.tests.test_iteration8_features.TestGoldenSignalsAPI" name="test_golden_signals_have_health_scores" time="0.151" /><testcase classname="backend.tests.test_iteration8_features.TestGoldenSignalsAPI" name="test_golden_signals_includes_sri" time="0.132" /><testcase classname="backend.tests.test_iteration8_features.TestGoldenSignalsAPI" name="test_golden_signals_includes_signal_contributions" time="0.117" /><testcase classname="backend.tests.test_iteration8_features.TestCustomerExperienceAPI" name="test_customer_experience_returns_apdex" time="0.109" /><testcase classname="backend.tests.test_iteration8_features.TestCustomerExperienceAPI" name="test_customer_experience_returns_percentiles" time="0.128" /><testcase classname="backend.tests.test_iteration8_features.TestCustomerExperienceAPI" name="test_customer_experience_returns_availability" time="0.150" /><testcase classname="backend.tests.test_iteration8_features.TestCustomerExperienceAPI" name="test_customer_experience_returns_error_budget" time="0.105" /><testcase classname="backend.tests.test_iteration8_features.TestMetricsRealAPI" name="test_metrics_real_includes_golden_signals" time="0.117" /><testcase classname="backend.tests.test_iteration8_features.TestMetricsRealAPI" name="test_metrics_real_includes_customer_experience" time="0.107" /><testcase classname="backend.tests.test_iteration8_features.TestMetricsRealAPI" name="test_metrics_real_includes_signal_contributions" time="0.128" /><testcase classname="backend.tests.test_iteration8_features.TestMetricsRealAPI" name="test_metrics_real_includes_all_5_nodes" time="0.109" /><testcase classname="backend.tests.test_iteration8_features.TestCartAPI" name="test_add_to_cart" time="0.442" /><testcase classname="backend.tests.test_iteration8_features.TestCartAPI" name="test_get_cart" time="0.439" /><testcase classname="backend.tests.test_iteration8_features.TestCartAPI" name="test_update_cart_item" time="0.429" /><testcase classname="backend.tests.test_iteration8_features.TestCartAPI" name="test_remove_from_cart" time="0.435" /><testcase classname="backend.tests.test_iteration8_features.TestProductsAPI" name="test_get_products" time="0.115" /><testcase classname="backend.tests.test_iteration8_features.TestProductsAPI" name="test_get_product_by_id" time="0.237" /><testcase classname="backend.tests.test_iteration8_features.TestProductsAPI" name="test_get_categories" time="0.108" /><testcase classname="backend.tests.test_iteration8_features.TestCheckoutFlow" name="test_create_order" time="0.527" /><testcase classname="backend.tests.test_iteration8_features.TestCheckoutFlow" name="test_get_orders" time="0.398" /><testcase classname="backend.tests.test_iteration8_features.TestHealingAPI" name="test_healing_status" time="0.395" /><testcase classname="backend.tests.test_iteration8_features.TestHealingAPI" name="test_healing_toggle" time="0.408" /><testcase classname="backend.tests.test_iteration8_features.TestHealingAPI" name="test_healing_recommendations" time="0.382" /><testcase classname="backend.tests.test_iteration8_features.TestAlertsAPI" name="test_get_alerts" time="0.100" /><testcase classname="backend.tests.test_iteration8_features.TestAlertsAPI" name="test_get_alert_config" time="0.120" /></testsuite></testsuites>